<?xml version="1.0" encoding="UTF-8"?>
<testng-results skipped="0" failed="0" ignored="0" total="1" passed="1">
  <reporter-output>
  </reporter-output>
  <suite name="Suite" duration-ms="64894" started-at="2020-07-18T14:33:43Z" finished-at="2020-07-18T14:34:47Z">
    <groups>
    </groups>
    <test name="Test" duration-ms="64894" started-at="2020-07-18T14:33:43Z" finished-at="2020-07-18T14:34:47Z">
      <class name="com.auto.WebAutoTest">
        <test-method status="PASS" signature="openBrowser()[pri:0, instance:com.auto.WebAutoTest@271053e1]" name="openBrowser" is-config="true" duration-ms="38903" started-at="2020-07-18T14:33:43Z" finished-at="2020-07-18T14:34:21Z">
          <reporter-output>
          </reporter-output>
        </test-method> <!-- openBrowser -->
        <test-method status="PASS" signature="automateTest()[pri:0, instance:com.auto.WebAutoTest@271053e1]" name="automateTest" duration-ms="25098" started-at="2020-07-18T14:34:21Z" finished-at="2020-07-18T14:34:47Z">
          <reporter-output>
          </reporter-output>
        </test-method> <!-- automateTest -->
        <test-method status="PASS" signature="closeBrowser()[pri:0, instance:com.auto.WebAutoTest@271053e1]" name="closeBrowser" is-config="true" duration-ms="858" started-at="2020-07-18T14:34:47Z" finished-at="2020-07-18T14:34:47Z">
          <reporter-output>
          </reporter-output>
        </test-method> <!-- closeBrowser -->
      </class> <!-- com.auto.WebAutoTest -->
    </test> <!-- Test -->
  </suite> <!-- Suite -->
</testng-results>
